GROUP,PACKAGE,CLASS,INSTRUCTION_MISSED,INSTRUCTION_COVERED,BRANCH_MISSED,BRANCH_COVERED,LINE_MISSED,LINE_COVERED,COMPLEXITY_MISSED,COMPLEXITY_COVERED,METHOD_MISSED,METHOD_COVERED
io.zenwave360.sdk:spring-modulith-events-scs,io.zenwave360.modulith.events.scs.config,EventSerializerConfiguration,5,8,0,0,1,2,1,2,1,2
io.zenwave360.sdk:spring-modulith-events-scs,io.zenwave360.modulith.events.scs.config,SpringCloudStreamEventExternalizerConfiguration,2,72,2,4,1,13,2,8,0,7
io.zenwave360.sdk:spring-modulith-events-scs,io.zenwave360.modulith.events.scs,MessageEventSerializer,23,159,2,6,7,33,2,10,0,8
io.zenwave360.sdk:spring-modulith-events-scs,io.zenwave360.modulith.events.scs,SpringCloudStreamEventExternalizer,37,127,10,6,7,26,8,5,0,5
io.zenwave360.sdk:spring-modulith-events-scs,io.zenwave360.modulith.events.scs,AvroEventSerializer,7,26,0,0,3,6,1,2,1,2
