<?xml version="1.0" encoding="UTF-8" standalone="yes"?><!DOCTYPE report PUBLIC "-//JACOCO//DTD Report 1.1//EN" "report.dtd"><report name="io.zenwave360.sdk:spring-modulith-events-scs"><sessioninfo id="fv-az1316-486-46147e6a" start="1735296025526" dump="1735296034946"/><package name="io/zenwave360/modulith/events/scs"><class name="io/zenwave360/modulith/events/scs/SpringCloudStreamEventExternalizerConfiguration" sourcefilename="SpringCloudStreamEventExternalizerConfiguration.java"><method name="&lt;init&gt;" desc="()V" line="50"><counter type="INSTRUCTION" missed="0" covered="3"/><counter type="LINE" missed="0" covered="1"/><counter type="COMPLEXITY" missed="0" covered="1"/><counter type="METHOD" missed="0" covered="1"/></method><method name="eventExternalizationConfiguration" desc="()Lorg/springframework/modulith/events/EventExternalizationConfiguration;" line="56"><counter type="INSTRUCTION" missed="0" covered="9"/><counter type="LINE" missed="0" covered="4"/><counter type="COMPLEXITY" missed="0" covered="1"/><counter type="METHOD" missed="0" covered="1"/></method><method name="getTarget" desc="(Ljava/lang/Object;)Ljava/lang/String;" line="63"><counter type="INSTRUCTION" missed="2" covered="13"/><counter type="BRANCH" missed="1" covered="1"/><counter type="LINE" missed="1" covered="2"/><counter type="COMPLEXITY" missed="1" covered="1"/><counter type="METHOD" missed="0" covered="1"/></method><method name="springCloudStreamMessageExternalizer" desc="(Lorg/springframework/modulith/events/EventExternalizationConfiguration;Lorg/springframework/cloud/stream/function/StreamBridge;Lorg/springframework/beans/factory/BeanFactory;Lorg/springframework/cloud/stream/config/BindingServiceProperties;Lorg/springframework/cloud/stream/binder/BinderFactory;)Lorg/springframework/modulith/events/support/DelegatingEventExternalizer;" line="75"><counter type="INSTRUCTION" missed="0" covered="26"/><counter type="LINE" missed="0" covered="4"/><counter type="COMPLEXITY" missed="0" covered="1"/><counter type="METHOD" missed="0" covered="1"/></method><method name="lambda$eventExternalizationConfiguration$1" desc="(Ljava/lang/Object;)Lorg/springframework/modulith/events/RoutingTarget;" line="58"><counter type="INSTRUCTION" missed="6" covered="0"/><counter type="LINE" missed="1" covered="0"/><counter type="COMPLEXITY" missed="1" covered="0"/><counter type="METHOD" missed="1" covered="0"/></method><method name="lambda$eventExternalizationConfiguration$0" desc="(Ljava/lang/Object;)Z" line="57"><counter type="INSTRUCTION" missed="0" covered="11"/><counter type="BRANCH" missed="1" covered="3"/><counter type="LINE" missed="0" covered="1"/><counter type="COMPLEXITY" missed="1" covered="2"/><counter type="METHOD" missed="0" covered="1"/></method><method name="&lt;clinit&gt;" desc="()V" line="52"><counter type="INSTRUCTION" missed="0" covered="4"/><counter type="LINE" missed="0" covered="1"/><counter type="COMPLEXITY" missed="0" covered="1"/><counter type="METHOD" missed="0" covered="1"/></method><counter type="INSTRUCTION" missed="8" covered="66"/><counter type="BRANCH" missed="2" covered="4"/><counter type="LINE" missed="1" covered="12"/><counter type="COMPLEXITY" missed="3" covered="7"/><counter type="METHOD" missed="1" covered="6"/><counter type="CLASS" missed="0" covered="1"/></class><class name="io/zenwave360/modulith/events/scs/MessageEventSerializerConfiguration$1" sourcefilename="MessageEventSerializerConfiguration.java"><method name="&lt;init&gt;" desc="(Lio/zenwave360/modulith/events/scs/MessageEventSerializerConfiguration;Lcom/fasterxml/jackson/databind/ObjectMapper;Lorg/springframework/modulith/events/core/EventSerializer;)V" line="34"><counter type="INSTRUCTION" missed="12" covered="0"/><counter type="LINE" missed="1" covered="0"/><counter type="COMPLEXITY" missed="1" covered="0"/><counter type="METHOD" missed="1" covered="0"/></method><method name="serialize" desc="(Ljava/lang/Object;)Ljava/lang/Object;" line="38"><counter type="INSTRUCTION" missed="53" covered="0"/><counter type="BRANCH" missed="2" covered="0"/><counter type="LINE" missed="9" covered="0"/><counter type="COMPLEXITY" missed="2" covered="0"/><counter type="METHOD" missed="1" covered="0"/></method><method name="deserialize" desc="(Ljava/lang/Object;Ljava/lang/Class;)Ljava/lang/Object;" line="56"><counter type="INSTRUCTION" missed="11" covered="0"/><counter type="LINE" missed="3" covered="0"/><counter type="COMPLEXITY" missed="1" covered="0"/><counter type="METHOD" missed="1" covered="0"/></method><method name="unsafeDeserialize" desc="(Ljava/lang/Object;Ljava/lang/Class;)Ljava/lang/Object;" line="63"><counter type="INSTRUCTION" missed="63" covered="0"/><counter type="BRANCH" missed="4" covered="0"/><counter type="LINE" missed="13" covered="0"/><counter type="COMPLEXITY" missed="3" covered="0"/><counter type="METHOD" missed="1" covered="0"/></method><counter type="INSTRUCTION" missed="139" covered="0"/><counter type="BRANCH" missed="6" covered="0"/><counter type="LINE" missed="26" covered="0"/><counter type="COMPLEXITY" missed="7" covered="0"/><counter type="METHOD" missed="4" covered="0"/><counter type="CLASS" missed="1" covered="0"/></class><class name="io/zenwave360/modulith/events/scs/SpringCloudStreamEventExternalizer" sourcefilename="SpringCloudStreamEventExternalizer.java"><method name="&lt;init&gt;" desc="(Lorg/springframework/modulith/events/EventExternalizationConfiguration;Lorg/springframework/expression/EvaluationContext;Lorg/springframework/cloud/stream/function/StreamBridge;Lorg/springframework/cloud/stream/config/BindingServiceProperties;Lorg/springframework/cloud/stream/binder/BinderFactory;)V" line="33"><counter type="INSTRUCTION" missed="0" covered="18"/><counter type="LINE" missed="0" covered="7"/><counter type="COMPLEXITY" missed="0" covered="1"/><counter type="METHOD" missed="0" covered="1"/></method><method name="apply" desc="(Lorg/springframework/modulith/events/RoutingTarget;Ljava/lang/Object;)Ljava/util/concurrent/CompletableFuture;" line="43"><counter type="INSTRUCTION" missed="83" covered="0"/><counter type="BRANCH" missed="10" covered="0"/><counter type="LINE" missed="16" covered="0"/><counter type="COMPLEXITY" missed="6" covered="0"/><counter type="METHOD" missed="1" covered="0"/></method><method name="getKeyHeaderName" desc="(Ljava/lang/String;Lorg/springframework/cloud/stream/config/BindingServiceProperties;Lorg/springframework/cloud/stream/binder/BinderFactory;)Ljava/lang/String;" line="78"><counter type="INSTRUCTION" missed="20" covered="0"/><counter type="BRANCH" missed="2" covered="0"/><counter type="LINE" missed="5" covered="0"/><counter type="COMPLEXITY" missed="2" covered="0"/><counter type="METHOD" missed="1" covered="0"/></method><method name="getTarget" desc="(Ljava/lang/Object;Lorg/springframework/modulith/events/RoutingTarget;)Ljava/lang/String;" line="87"><counter type="INSTRUCTION" missed="23" covered="0"/><counter type="BRANCH" missed="4" covered="0"/><counter type="LINE" missed="4" covered="0"/><counter type="COMPLEXITY" missed="3" covered="0"/><counter type="METHOD" missed="1" covered="0"/></method><method name="&lt;clinit&gt;" desc="()V" line="23"><counter type="INSTRUCTION" missed="0" covered="20"/><counter type="LINE" missed="0" covered="2"/><counter type="COMPLEXITY" missed="0" covered="1"/><counter type="METHOD" missed="0" covered="1"/></method><counter type="INSTRUCTION" missed="126" covered="38"/><counter type="BRANCH" missed="16" covered="0"/><counter type="LINE" missed="25" covered="9"/><counter type="COMPLEXITY" missed="11" covered="2"/><counter type="METHOD" missed="3" covered="2"/><counter type="CLASS" missed="0" covered="1"/></class><class name="io/zenwave360/modulith/events/scs/MessageEventSerializerConfiguration" sourcefilename="MessageEventSerializerConfiguration.java"><method name="&lt;init&gt;" desc="()V" line="29"><counter type="INSTRUCTION" missed="3" covered="0"/><counter type="LINE" missed="1" covered="0"/><counter type="COMPLEXITY" missed="1" covered="0"/><counter type="METHOD" missed="1" covered="0"/></method><method name="customEventSerializer" desc="(Lorg/springframework/modulith/events/core/EventSerializer;Lcom/fasterxml/jackson/databind/ObjectMapper;)Lorg/springframework/modulith/events/core/EventSerializer;" line="34"><counter type="INSTRUCTION" missed="7" covered="0"/><counter type="LINE" missed="1" covered="0"/><counter type="COMPLEXITY" missed="1" covered="0"/><counter type="METHOD" missed="1" covered="0"/></method><counter type="INSTRUCTION" missed="10" covered="0"/><counter type="LINE" missed="2" covered="0"/><counter type="COMPLEXITY" missed="2" covered="0"/><counter type="METHOD" missed="2" covered="0"/><counter type="CLASS" missed="1" covered="0"/></class><class name="io/zenwave360/modulith/events/scs/EnableSpringCloudStreamEventExternalization" sourcefilename="EnableSpringCloudStreamEventExternalization.java"/><class name="io/zenwave360/modulith/events/scs/AvroEventSerializerConfiguration" sourcefilename="AvroEventSerializerConfiguration.java"><method name="&lt;init&gt;" desc="()V" line="32"><counter type="INSTRUCTION" missed="0" covered="3"/><counter type="LINE" missed="0" covered="1"/><counter type="COMPLEXITY" missed="0" covered="1"/><counter type="METHOD" missed="0" covered="1"/></method><method name="customEventSerializer" desc="(Lorg/springframework/modulith/events/core/EventSerializer;Lcom/fasterxml/jackson/databind/ObjectMapper;)Lorg/springframework/modulith/events/core/EventSerializer;" line="37"><counter type="INSTRUCTION" missed="0" covered="12"/><counter type="LINE" missed="0" covered="2"/><counter type="COMPLEXITY" missed="0" covered="1"/><counter type="METHOD" missed="0" covered="1"/></method><counter type="INSTRUCTION" missed="0" covered="15"/><counter type="LINE" missed="0" covered="3"/><counter type="COMPLEXITY" missed="0" covered="2"/><counter type="METHOD" missed="0" covered="2"/><counter type="CLASS" missed="0" covered="1"/></class><class name="io/zenwave360/modulith/events/scs/AvroEventSerializerConfiguration$1" sourcefilename="AvroEventSerializerConfiguration.java"><method name="&lt;init&gt;" desc="(Lio/zenwave360/modulith/events/scs/AvroEventSerializerConfiguration;Lorg/springframework/modulith/events/core/EventSerializer;Lcom/fasterxml/jackson/dataformat/avro/AvroMapper;Lcom/fasterxml/jackson/databind/ObjectMapper;)V" line="38"><counter type="INSTRUCTION" missed="0" covered="15"/><counter type="LINE" missed="0" covered="1"/><counter type="COMPLEXITY" missed="0" covered="1"/><counter type="METHOD" missed="0" covered="1"/></method><method name="serialize" desc="(Ljava/lang/Object;)Ljava/lang/Object;" line="42"><counter type="INSTRUCTION" missed="4" covered="31"/><counter type="BRANCH" missed="1" covered="1"/><counter type="LINE" missed="1" covered="6"/><counter type="COMPLEXITY" missed="1" covered="1"/><counter type="METHOD" missed="0" covered="1"/></method><method name="serializePayload" desc="(Ljava/lang/Object;)Ljava/lang/Object;" line="54"><counter type="INSTRUCTION" missed="8" covered="26"/><counter type="BRANCH" missed="3" covered="1"/><counter type="LINE" missed="1" covered="5"/><counter type="COMPLEXITY" missed="2" covered="1"/><counter type="METHOD" missed="0" covered="1"/></method><method name="deserialize" desc="(Ljava/lang/Object;Ljava/lang/Class;)Ljava/lang/Object;" line="66"><counter type="INSTRUCTION" missed="11" covered="0"/><counter type="LINE" missed="3" covered="0"/><counter type="COMPLEXITY" missed="1" covered="0"/><counter type="METHOD" missed="1" covered="0"/></method><method name="unsafeDeserialize" desc="(Ljava/lang/Object;Ljava/lang/Class;)Ljava/lang/Object;" line="73"><counter type="INSTRUCTION" missed="63" covered="0"/><counter type="BRANCH" missed="4" covered="0"/><counter type="LINE" missed="13" covered="0"/><counter type="COMPLEXITY" missed="3" covered="0"/><counter type="METHOD" missed="1" covered="0"/></method><counter type="INSTRUCTION" missed="86" covered="72"/><counter type="BRANCH" missed="8" covered="2"/><counter type="LINE" missed="18" covered="12"/><counter type="COMPLEXITY" missed="7" covered="3"/><counter type="METHOD" missed="2" covered="3"/><counter type="CLASS" missed="0" covered="1"/></class><sourcefile name="SpringCloudStreamEventExternalizer.java"><line nr="23" mi="0" ci="3" mb="0" cb="0"/><line nr="33" mi="0" ci="2" mb="0" cb="0"/><line nr="34" mi="0" ci="3" mb="0" cb="0"/><line nr="35" mi="0" ci="3" mb="0" cb="0"/><line nr="36" mi="0" ci="3" mb="0" cb="0"/><line nr="37" mi="0" ci="3" mb="0" cb="0"/><line nr="38" mi="0" ci="3" mb="0" cb="0"/><line nr="39" mi="0" ci="1" mb="0" cb="0"/><line nr="43" mi="5" ci="0" mb="0" cb="0"/><line nr="45" mi="5" ci="0" mb="0" cb="0"/><line nr="46" mi="4" ci="0" mb="0" cb="0"/><line nr="47" mi="8" ci="0" mb="0" cb="0"/><line nr="49" mi="14" ci="0" mb="2" cb="0"/><line nr="50" mi="4" ci="0" mb="4" cb="0"/><line nr="51" mi="4" ci="0" mb="2" cb="0"/><line nr="52" mi="5" ci="0" mb="0" cb="0"/><line nr="53" mi="5" ci="0" mb="0" cb="0"/><line nr="56" mi="9" ci="0" mb="2" cb="0"/><line nr="57" mi="3" ci="0" mb="0" cb="0"/><line nr="58" mi="1" ci="0" mb="0" cb="0"/><line nr="59" mi="2" ci="0" mb="0" cb="0"/><line nr="61" mi="4" ci="0" mb="0" cb="0"/><line nr="62" mi="6" ci="0" mb="0" cb="0"/><line nr="63" mi="4" ci="0" mb="0" cb="0"/><line nr="66" mi="0" ci="17" mb="0" cb="0"/><line nr="78" mi="4" ci="0" mb="0" cb="0"/><line nr="79" mi="5" ci="0" mb="0" cb="0"/><line nr="80" mi="2" ci="0" mb="2" cb="0"/><line nr="81" mi="2" ci="0" mb="0" cb="0"/><line nr="83" mi="7" ci="0" mb="0" cb="0"/><line nr="87" mi="6" ci="0" mb="2" cb="0"/><line nr="88" mi="7" ci="0" mb="0" cb="0"/><line nr="89" mi="7" ci="0" mb="2" cb="0"/><line nr="91" mi="3" ci="0" mb="0" cb="0"/><counter type="INSTRUCTION" missed="126" covered="38"/><counter type="BRANCH" missed="16" covered="0"/><counter type="LINE" missed="25" covered="9"/><counter type="COMPLEXITY" missed="11" covered="2"/><counter type="METHOD" missed="3" covered="2"/><counter type="CLASS" missed="0" covered="1"/></sourcefile><sourcefile name="AvroEventSerializerConfiguration.java"><line nr="32" mi="0" ci="3" mb="0" cb="0"/><line nr="37" mi="0" ci="4" mb="0" cb="0"/><line nr="38" mi="0" ci="23" mb="0" cb="0"/><line nr="42" mi="0" ci="6" mb="1" cb="1"/><line nr="43" mi="0" ci="4" mb="0" cb="0"/><line nr="44" mi="0" ci="6" mb="0" cb="0"/><line nr="45" mi="0" ci="5" mb="0" cb="0"/><line nr="46" mi="0" ci="5" mb="0" cb="0"/><line nr="48" mi="0" ci="5" mb="0" cb="0"/><line nr="50" mi="4" ci="0" mb="0" cb="0"/><line nr="54" mi="3" ci="3" mb="3" cb="1"/><line nr="55" mi="0" ci="6" mb="0" cb="0"/><line nr="56" mi="0" ci="7" mb="0" cb="0"/><line nr="57" mi="0" ci="4" mb="0" cb="0"/><line nr="58" mi="0" ci="6" mb="0" cb="0"/><line nr="60" mi="5" ci="0" mb="0" cb="0"/><line nr="66" mi="5" ci="0" mb="0" cb="0"/><line nr="67" mi="1" ci="0" mb="0" cb="0"/><line nr="68" mi="5" ci="0" mb="0" cb="0"/><line nr="73" mi="4" ci="0" mb="2" cb="0"/><line nr="74" mi="6" ci="0" mb="0" cb="0"/><line nr="75" mi="4" ci="0" mb="0" cb="0"/><line nr="76" mi="7" ci="0" mb="0" cb="0"/><line nr="77" mi="4" ci="0" mb="0" cb="0"/><line nr="78" mi="2" ci="0" mb="0" cb="0"/><line nr="79" mi="4" ci="0" mb="2" cb="0"/><line nr="80" mi="6" ci="0" mb="0" cb="0"/><line nr="81" mi="6" ci="0" mb="0" cb="0"/><line nr="82" mi="1" ci="0" mb="0" cb="0"/><line nr="83" mi="6" ci="0" mb="0" cb="0"/><line nr="85" mi="7" ci="0" mb="0" cb="0"/><line nr="87" mi="6" ci="0" mb="0" cb="0"/><counter type="INSTRUCTION" missed="86" covered="87"/><counter type="BRANCH" missed="8" covered="2"/><counter type="LINE" missed="18" covered="14"/><counter type="COMPLEXITY" missed="7" covered="5"/><counter type="METHOD" missed="2" covered="5"/><counter type="CLASS" missed="0" covered="2"/></sourcefile><sourcefile name="SpringCloudStreamEventExternalizerConfiguration.java"><line nr="50" mi="0" ci="3" mb="0" cb="0"/><line nr="52" mi="0" ci="4" mb="0" cb="0"/><line nr="56" mi="0" ci="4" mb="0" cb="0"/><line nr="57" mi="0" ci="14" mb="1" cb="3"/><line nr="58" mi="6" ci="1" mb="0" cb="0"/><line nr="59" mi="0" ci="1" mb="0" cb="0"/><line nr="63" mi="0" ci="6" mb="1" cb="1"/><line nr="64" mi="0" ci="7" mb="0" cb="0"/><line nr="66" mi="2" ci="0" mb="0" cb="0"/><line nr="75" mi="0" ci="3" mb="0" cb="0"/><line nr="77" mi="0" ci="4" mb="0" cb="0"/><line nr="78" mi="0" ci="6" mb="0" cb="0"/><line nr="80" mi="0" ci="13" mb="0" cb="0"/><counter type="INSTRUCTION" missed="8" covered="66"/><counter type="BRANCH" missed="2" covered="4"/><counter type="LINE" missed="1" covered="12"/><counter type="COMPLEXITY" missed="3" covered="7"/><counter type="METHOD" missed="1" covered="6"/><counter type="CLASS" missed="0" covered="1"/></sourcefile><sourcefile name="EnableSpringCloudStreamEventExternalization.java"/><sourcefile name="MessageEventSerializerConfiguration.java"><line nr="29" mi="3" ci="0" mb="0" cb="0"/><line nr="34" mi="19" ci="0" mb="0" cb="0"/><line nr="38" mi="6" ci="0" mb="2" cb="0"/><line nr="39" mi="4" ci="0" mb="0" cb="0"/><line nr="40" mi="6" ci="0" mb="0" cb="0"/><line nr="42" mi="7" ci="0" mb="0" cb="0"/><line nr="43" mi="8" ci="0" mb="0" cb="0"/><line nr="44" mi="7" ci="0" mb="0" cb="0"/><line nr="46" mi="5" ci="0" mb="0" cb="0"/><line nr="48" mi="5" ci="0" mb="0" cb="0"/><line nr="50" mi="5" ci="0" mb="0" cb="0"/><line nr="56" mi="5" ci="0" mb="0" cb="0"/><line nr="57" mi="1" ci="0" mb="0" cb="0"/><line nr="58" mi="5" ci="0" mb="0" cb="0"/><line nr="63" mi="4" ci="0" mb="2" cb="0"/><line nr="64" mi="6" ci="0" mb="0" cb="0"/><line nr="65" mi="4" ci="0" mb="0" cb="0"/><line nr="66" mi="7" ci="0" mb="0" cb="0"/><line nr="67" mi="4" ci="0" mb="0" cb="0"/><line nr="68" mi="2" ci="0" mb="0" cb="0"/><line nr="69" mi="4" ci="0" mb="2" cb="0"/><line nr="70" mi="6" ci="0" mb="0" cb="0"/><line nr="71" mi="6" ci="0" mb="0" cb="0"/><line nr="72" mi="1" ci="0" mb="0" cb="0"/><line nr="73" mi="6" ci="0" mb="0" cb="0"/><line nr="75" mi="7" ci="0" mb="0" cb="0"/><line nr="77" mi="6" ci="0" mb="0" cb="0"/><counter type="INSTRUCTION" missed="149" covered="0"/><counter type="BRANCH" missed="6" covered="0"/><counter type="LINE" missed="27" covered="0"/><counter type="COMPLEXITY" missed="9" covered="0"/><counter type="METHOD" missed="6" covered="0"/><counter type="CLASS" missed="2" covered="0"/></sourcefile><counter type="INSTRUCTION" missed="369" covered="191"/><counter type="BRANCH" missed="32" covered="6"/><counter type="LINE" missed="71" covered="35"/><counter type="COMPLEXITY" missed="30" covered="14"/><counter type="METHOD" missed="12" covered="13"/><counter type="CLASS" missed="2" covered="4"/></package><counter type="INSTRUCTION" missed="369" covered="191"/><counter type="BRANCH" missed="32" covered="6"/><counter type="LINE" missed="71" covered="35"/><counter type="COMPLEXITY" missed="30" covered="14"/><counter type="METHOD" missed="12" covered="13"/><counter type="CLASS" missed="2" covered="4"/></report>